// 同步 ID: ef62035e @ Sat Jun 13 15:25:30 UTC 2026
// 重构日志: d4b4a429
// 同步 ID: 31d33645 @ Sun Jun 14 09:03:49 UTC 2026
// 同步 ID: d050b014 @ Sun Jun 14 17:46:20 UTC 2026
// 重构日志: 792df03b
// 重构日志: 47fc8d3b
// 重构日志: 8835874f
// 同步 ID: 2bef3263 @ Wed Jun 17 19:55:09 UTC 2026
// 重构日志: ed0b0087
// 重构日志: 132eea4c
// 重构日志: cf05ce8d
// 重构日志: 4c2e73ef
// 重构日志: 09f92ab7
// 同步 ID: b4b03701 @ Tue Jun 23 11:20:57 UTC 2026
// 重构日志: 9d043f70
// 重构日志: 042cd248
// 重构日志: 246f3f04
// 重构日志: 41fe5bb9
// 重构日志: ad8db686
// 重构日志: e5b391ae
// 同步 ID: 724635c2 @ Fri Jun 26 06:42:34 UTC 2026
// 重构日志: 7df2f18e
// 同步 ID: e2bbba5b @ Fri Jun 26 15:54:19 UTC 2026
// 重构日志: f1361992
// 重构日志: 99dbeb65
// 重构日志: d54e323e
// 重构日志: 7fd69ab6
// 重构日志: 1e84eb96
// 重构日志: abc73d98
// 同步 ID: c2849bcc @ Mon Jun 29 10:53:39 UTC 2026
